<?xml version="1.0" encoding="UTF-8"?>
<!-- Generated by org.testng.reporters.JUnitReportReporter -->
<testsuite skipped="0" hostname="DESKTOP-9BGH5DU" name="com.learnautomation.testcases.LoginTestCRM" tests="2" failures="0" timestamp="14 Jul 2020 07:27:37 GMT" time="2.554" errors="0">
  <testcase name="loginApp" time="1.654" classname="com.learnautomation.testcases.LoginTestCRM"/>
  <testcase name="loginApp1" time="0.900" classname="com.learnautomation.testcases.LoginTestCRM"/>
</testsuite> <!-- com.learnautomation.testcases.LoginTestCRM -->
